<?xml version="1.0" encoding="UTF-8" ?>
<testsuite tests="17" failures="0" name="cofre.Cucumber01Test" time="0.503" errors="0" skipped="0">
  <properties>
[...]
</properties>
  <testcase classname="Acoes com o cofre destravado" name="Limpar a tela" time="0.124"/>
  <testcase classname="Acoes com o cofre destravado" name="Digitar a senha com a porta aberta" time="0.003"/>
  <testcase classname="Acoes com o cofre destravado" name="Digitar um numero com a porta fechada" time="0.002"/>
  <testcase classname="Acoes com o cofre destravado" name="Salvar senha com porta fechada e destravada" time="0.005"/>
  <testcase classname="Acoes com o cofre destravado" name="Travar porta com senha menor que 6 digitos" time="0.003"/>
  <testcase classname="Acoes com o cofre destravado" name="Digitar a senha com a porta fechada e depois abrir e digitar novamente" time="0.002"/>
  <testcase classname="Acoes com o cofre travado" name="Digitar senha errada" time="0.003"/>
  <testcase classname="Acoes com o cofre travado" name="Digitar senha menor que seis numeros" time="0.002"/>
  <testcase classname="Acoes com o cofre travado" name="Digitar senha correta" time="0.003"/>
  <testcase classname="Validar senha" name="Validar se e numero" time="0.001"/>
  <testcase classname="Validar senha" name="Validar se e numero" time="0.002"/>
  <testcase classname="Validar senha" name="Validar se e numero" time="0.001"/>
  <testcase classname="Validar senha" name="Validar se e numero" time="0.001"/>
  <testcase classname="Validar senha" name="Validar se eh valido" time="0.002"/>
  <testcase classname="Validar senha" name="Validar se eh valido" time="0.002"/>
  <testcase classname="Validar senha" name="Validar se eh valido" time="0.001"/>
  <testcase classname="Validar senha" name="Validar se eh valido" time="0.001"/>
</testsuite>